                                                                                                                                     QUERY PLAN                                                                                                                                      
-------------------------------------------------------------------------------------------------------------------------------------------------------------------------------------------------------------------------------------------------------------------------------------
 Limit
   ->  GroupAggregate
         Group Key: customer_address.ca_zip
         ->  Gather Merge
               Workers Planned: 2
               ->  Sort
                     Sort Key: customer_address.ca_zip
                     ->  Nested Loop
                           Join Filter: ((substr((customer_address.ca_zip)::text, 1, 5) = ANY ('{85669,86197,88274,83405,86475,85392,85460,80348,81792}'::text[])) OR (customer_address.ca_state = ANY ('{CA,WA,GA}'::bpchar[])) OR (catalog_sales.cs_sales_price > '500'::numeric))
                           ->  Nested Loop
                                 ->  Parallel Hash Join
                                       Hash Cond: (catalog_sales.cs_sold_date_sk = date_dim.d_date_sk)
                                       ->  Parallel Seq Scan on catalog_sales
                                       ->  Parallel Hash
                                             ->  Parallel Seq Scan on date_dim
                                                   Filter: ((d_qoy = 1) AND (d_year = 2000))
                                 ->  Index Scan using customer_pkey on customer
                                       Index Cond: (c_customer_sk = catalog_sales.cs_bill_customer_sk)
                           ->  Index Scan using customer_address_pkey on customer_address
                                 Index Cond: (ca_address_sk = customer.c_current_addr_sk)
(20 rows)

