                                                                                     QUERY PLAN                                                                                      
-------------------------------------------------------------------------------------------------------------------------------------------------------------------------------------
 Limit
   ->  Sort
         Sort Key: (sum(store_sales.ss_ext_sales_price)) DESC, item.i_brand, item.i_brand_id, item.i_manufact_id, item.i_manufact
         ->  Finalize GroupAggregate
               Group Key: item.i_brand, item.i_brand_id, item.i_manufact_id, item.i_manufact
               ->  Gather Merge
                     Workers Planned: 2
                     ->  Sort
                           Sort Key: item.i_brand, item.i_brand_id, item.i_manufact_id, item.i_manufact
                           ->  Nested Loop
                                 Join Filter: (substr((customer_address.ca_zip)::text, 1, 5) <> substr((store.s_zip)::text, 1, 5))
                                 ->  Nested Loop
                                       ->  Partial GroupAggregate
                                             Group Key: item.i_brand_id, item.i_brand, item.i_manufact_id, item.i_manufact, store_sales.ss_store_sk, customer.c_current_addr_sk
                                             ->  Sort
                                                   Sort Key: item.i_brand_id, item.i_brand, item.i_manufact_id, item.i_manufact, store_sales.ss_store_sk, customer.c_current_addr_sk
                                                   ->  Nested Loop
                                                         ->  Parallel Hash Join
                                                               Hash Cond: (store_sales.ss_sold_date_sk = date_dim.d_date_sk)
                                                               ->  Nested Loop
                                                                     ->  Parallel Seq Scan on item
                                                                           Filter: (i_manager_id = 13)
                                                                     ->  Bitmap Heap Scan on store_sales
                                                                           Recheck Cond: (ss_item_sk = item.i_item_sk)
                                                                           ->  Bitmap Index Scan on store_sales_pkey
                                                                                 Index Cond: (ss_item_sk = item.i_item_sk)
                                                               ->  Parallel Hash
                                                                     ->  Parallel Seq Scan on date_dim
                                                                           Filter: ((d_moy = 12) AND (d_year = 2000))
                                                         ->  Index Scan using customer_pkey on customer
                                                               Index Cond: (c_customer_sk = store_sales.ss_customer_sk)
                                       ->  Index Scan using customer_address_pkey on customer_address
                                             Index Cond: (ca_address_sk = customer.c_current_addr_sk)
                                 ->  Index Scan using store_pkey on store
                                       Index Cond: (s_store_sk = store_sales.ss_store_sk)
(35 rows)

