                                                                                        QUERY PLAN                                                                                         
-------------------------------------------------------------------------------------------------------------------------------------------------------------------------------------------
 Limit
   ->  Sort
         Sort Key: customer.c_last_name, customer.c_first_name, current_addr.ca_city, customer_address.ca_city, store_sales.ss_ticket_number
         ->  Nested Loop
               Join Filter: ((current_addr.ca_city)::text <> (customer_address.ca_city)::text)
               ->  Nested Loop
                     ->  Finalize GroupAggregate
                           Group Key: store_sales.ss_ticket_number, store_sales.ss_customer_sk, store_sales.ss_addr_sk, customer_address.ca_city
                           ->  Nested Loop
                                 ->  Partial GroupAggregate
                                       Group Key: store_sales.ss_ticket_number, store_sales.ss_customer_sk, store_sales.ss_addr_sk, customer_address.ca_city, store_sales.ss_store_sk
                                       ->  Sort
                                             Sort Key: store_sales.ss_ticket_number, store_sales.ss_customer_sk, store_sales.ss_addr_sk, customer_address.ca_city, store_sales.ss_store_sk
                                             ->  Gather
                                                   Workers Planned: 2
                                                   ->  Nested Loop
                                                         ->  Hash Join
                                                               Hash Cond: (store_sales.ss_hdemo_sk = household_demographics.hd_demo_sk)
                                                               ->  Parallel Hash Join
                                                                     Hash Cond: (store_sales.ss_sold_date_sk = date_dim.d_date_sk)
                                                                     ->  Parallel Seq Scan on store_sales
                                                                     ->  Parallel Hash
                                                                           ->  Parallel Seq Scan on date_dim
                                                                                 Filter: ((d_dow = ANY ('{6,0}'::integer[])) AND (d_year = ANY ('{1999,2000,2001}'::integer[])))
                                                               ->  Hash
                                                                     ->  Seq Scan on household_demographics
                                                                           Filter: ((hd_dep_count = 8) OR (hd_vehicle_count = 4))
                                                         ->  Index Scan using customer_address_pkey on customer_address
                                                               Index Cond: (ca_address_sk = store_sales.ss_addr_sk)
                                 ->  Memoize
                                       Cache Key: store_sales.ss_store_sk
                                       Cache Mode: logical
                                       ->  Index Scan using store_pkey on store
                                             Index Cond: (s_store_sk = store_sales.ss_store_sk)
                                             Filter: ((s_city)::text = ANY ('{"Five Points",Riverside,Fairview,Midway,"Pleasant Hill"}'::text[]))
                     ->  Index Scan using customer_pkey on customer
                           Index Cond: (c_customer_sk = store_sales.ss_customer_sk)
               ->  Index Scan using customer_address_pkey on customer_address current_addr
                     Index Cond: (ca_address_sk = customer.c_current_addr_sk)
(39 rows)

