                                                                                                                       QUERY PLAN                                                                                                                       
--------------------------------------------------------------------------------------------------------------------------------------------------------------------------------------------------------------------------------------------------------
 Limit
   CTE v1
     ->  WindowAgg
           ->  WindowAgg
                 ->  Finalize GroupAggregate
                       Group Key: item.i_category, item.i_brand, store.s_store_name, store.s_company_name, date_dim.d_year, date_dim.d_moy
                       ->  Gather Merge
                             Workers Planned: 2
                             ->  Incremental Sort
                                   Sort Key: item.i_category, item.i_brand, store.s_store_name, store.s_company_name, date_dim.d_year, date_dim.d_moy
                                   Presorted Key: item.i_category, item.i_brand
                                   ->  Nested Loop
                                         ->  Partial GroupAggregate
                                               Group Key: item.i_category, item.i_brand, date_dim.d_year, date_dim.d_moy, store_sales.ss_store_sk
                                               ->  Sort
                                                     Sort Key: item.i_category, item.i_brand, date_dim.d_year, date_dim.d_moy, store_sales.ss_store_sk
                                                     ->  Parallel Hash Join
                                                           Hash Cond: (store_sales.ss_item_sk = item.i_item_sk)
                                                           ->  Parallel Hash Join
                                                                 Hash Cond: (store_sales.ss_sold_date_sk = date_dim.d_date_sk)
                                                                 ->  Parallel Seq Scan on store_sales
                                                                 ->  Parallel Hash
                                                                       ->  Parallel Seq Scan on date_dim
                                                                             Filter: ((d_year = 2001) OR ((d_year = 2000) AND (d_moy = 12)) OR ((d_year = 2002) AND (d_moy = 1)))
                                                           ->  Parallel Hash
                                                                 ->  Parallel Seq Scan on item
                                         ->  Memoize
                                               Cache Key: store_sales.ss_store_sk
                                               Cache Mode: logical
                                               ->  Index Scan using store_pkey on store
                                                     Index Cond: (s_store_sk = store_sales.ss_store_sk)
   ->  Sort
         Sort Key: ((v1.sum_sales - v1.avg_monthly_sales)), v1_lag.sum_sales
         ->  Merge Join
               Merge Cond: ((v1_lead.i_category = v1.i_category) AND (v1_lead.i_brand = v1.i_brand) AND ((v1_lead.s_store_name)::text = (v1.s_store_name)::text) AND ((v1_lead.s_company_name)::text = (v1.s_company_name)::text))
               Join Filter: (v1.rn = (v1_lead.rn - 1))
               ->  CTE Scan on v1 v1_lead
               ->  Materialize
                     ->  Merge Join
                           Merge Cond: ((v1_lag.i_category = v1.i_category) AND (v1_lag.i_brand = v1.i_brand) AND ((v1_lag.s_store_name)::text = (v1.s_store_name)::text) AND ((v1_lag.s_company_name)::text = (v1.s_company_name)::text))
                           Join Filter: (v1.rn = (v1_lag.rn + 1))
                           ->  CTE Scan on v1 v1_lag
                           ->  Materialize
                                 ->  CTE Scan on v1
                                       Filter: ((avg_monthly_sales > '0'::numeric) AND (d_year = 2001) AND (CASE WHEN (avg_monthly_sales > '0'::numeric) THEN (abs((sum_sales - avg_monthly_sales)) / avg_monthly_sales) ELSE NULL::numeric END > 0.1))
(45 rows)

