                                                                                                         QUERY PLAN                                                                                                          
-----------------------------------------------------------------------------------------------------------------------------------------------------------------------------------------------------------------------------
 Limit
   ->  GroupAggregate
         Group Key: store.s_store_name, store.s_company_id, store.s_street_number, store.s_street_name, store.s_street_type, store.s_suite_number, store.s_city, store.s_county, store.s_state, store.s_zip
         ->  Nested Loop
               ->  Gather Merge
                     Workers Planned: 2
                     ->  Sort
                           Sort Key: store.s_store_name, store.s_company_id, store.s_street_number, store.s_street_name, store.s_street_type, store.s_suite_number, store.s_city, store.s_county, store.s_state, store.s_zip
                           ->  Nested Loop
                                 ->  Nested Loop
                                       ->  Parallel Hash Join
                                             Hash Cond: (store_returns.sr_returned_date_sk = d2.d_date_sk)
                                             ->  Parallel Seq Scan on store_returns
                                             ->  Parallel Hash
                                                   ->  Parallel Seq Scan on date_dim d2
                                                         Filter: ((d_year = 2000) AND (d_moy = 10))
                                       ->  Index Scan using store_sales_pkey on store_sales
                                             Index Cond: ((ss_item_sk = store_returns.sr_item_sk) AND (ss_ticket_number = store_returns.sr_ticket_number))
                                             Filter: (store_returns.sr_customer_sk = ss_customer_sk)
                                 ->  Index Scan using store_pkey on store
                                       Index Cond: (s_store_sk = store_sales.ss_store_sk)
               ->  Index Only Scan using date_dim_pkey on date_dim d1
                     Index Cond: (d_date_sk = store_sales.ss_sold_date_sk)
(23 rows)

