                                          QUERY PLAN                                           
-----------------------------------------------------------------------------------------------
 Limit
   ->  Sort
         Sort Key: (sum(store_sales.ss_ext_sales_price)) DESC, item.i_brand_id
         ->  GroupAggregate
               Group Key: item.i_brand, item.i_brand_id
               ->  Gather Merge
                     Workers Planned: 2
                     ->  Sort
                           Sort Key: item.i_brand, item.i_brand_id
                           ->  Nested Loop
                                 ->  Parallel Hash Join
                                       Hash Cond: (store_sales.ss_sold_date_sk = dt.d_date_sk)
                                       ->  Parallel Seq Scan on store_sales
                                       ->  Parallel Hash
                                             ->  Parallel Seq Scan on date_dim dt
                                                   Filter: ((d_moy = 12) AND (d_year = 2002))
                                 ->  Index Scan using item_pkey on item
                                       Index Cond: (i_item_sk = store_sales.ss_item_sk)
                                       Filter: (i_manager_id = 1)
(19 rows)

