                                               QUERY PLAN                                                
---------------------------------------------------------------------------------------------------------
 Limit
   InitPlan 1
     ->  Unique
           ->  Sort
                 Sort Key: date_dim.d_month_seq
                 ->  Seq Scan on date_dim
                       Filter: ((d_year = 2002) AND (d_moy = 3))
   ->  Sort
         Sort Key: (count(*)), a.ca_state
         ->  GroupAggregate
               Group Key: a.ca_state
               Filter: (count(*) >= 10)
               ->  Nested Loop
                     ->  Gather Merge
                           Workers Planned: 2
                           ->  Sort
                                 Sort Key: a.ca_state
                                 ->  Nested Loop
                                       ->  Nested Loop
                                             ->  Parallel Hash Join
                                                   Hash Cond: (s.ss_sold_date_sk = d.d_date_sk)
                                                   ->  Parallel Seq Scan on store_sales s
                                                   ->  Parallel Hash
                                                         ->  Parallel Seq Scan on date_dim d
                                                               Filter: (d_month_seq = (InitPlan 1).col1)
                                             ->  Index Scan using customer_pkey on customer c
                                                   Index Cond: (c_customer_sk = s.ss_customer_sk)
                                       ->  Index Scan using customer_address_pkey on customer_address a
                                             Index Cond: (ca_address_sk = c.c_current_addr_sk)
                     ->  Index Scan using item_pkey on item i
                           Index Cond: (i_item_sk = s.ss_item_sk)
                           Filter: (i_current_price > (1.2 * (SubPlan 2)))
                           SubPlan 2
                             ->  Aggregate
                                   ->  Seq Scan on item j
                                         Filter: (i_category = i.i_category)
(36 rows)

