                                                                  QUERY PLAN                                                                   
-----------------------------------------------------------------------------------------------------------------------------------------------
 Limit
   ->  Incremental Sort
         Sort Key: item.i_item_id, (sum((sum(store_sales.ss_ext_sales_price))))
         Presorted Key: item.i_item_id
         ->  GroupAggregate
               Group Key: item.i_item_id
               ->  Merge Append
                     Sort Key: item.i_item_id
                     ->  Finalize GroupAggregate
                           Group Key: item.i_item_id
                           ->  Sort
                                 Sort Key: item.i_item_id
                                 ->  Hash Right Semi Join
                                       Hash Cond: (item_1.i_item_id = item.i_item_id)
                                       ->  Seq Scan on item item_1
                                             Filter: (i_category = 'Jewelry'::bpchar)
                                       ->  Hash
                                             ->  Partial GroupAggregate
                                                   Group Key: item.i_item_id
                                                   ->  Gather Merge
                                                         Workers Planned: 2
                                                         ->  Sort
                                                               Sort Key: item.i_item_id
                                                               ->  Nested Loop
                                                                     ->  Nested Loop
                                                                           ->  Parallel Hash Join
                                                                                 Hash Cond: (store_sales.ss_sold_date_sk = date_dim.d_date_sk)
                                                                                 ->  Parallel Seq Scan on store_sales
                                                                                 ->  Parallel Hash
                                                                                       ->  Parallel Seq Scan on date_dim
                                                                                             Filter: ((d_year = 2002) AND (d_moy = 10))
                                                                           ->  Index Scan using customer_address_pkey on customer_address
                                                                                 Index Cond: (ca_address_sk = store_sales.ss_addr_sk)
                                                                                 Filter: (ca_gmt_offset = '-5'::numeric)
                                                                     ->  Index Scan using item_pkey on item
                                                                           Index Cond: (i_item_sk = store_sales.ss_item_sk)
                     ->  Finalize GroupAggregate
                           Group Key: item_2.i_item_id
                           ->  Nested Loop
                                 ->  Partial GroupAggregate
                                       Group Key: item_2.i_item_id, catalog_sales.cs_bill_addr_sk
                                       ->  Sort
                                             Sort Key: item_2.i_item_id, catalog_sales.cs_bill_addr_sk
                                             ->  Gather
                                                   Workers Planned: 2
                                                   ->  Parallel Hash Join
                                                         Hash Cond: (catalog_sales.cs_sold_date_sk = date_dim_1.d_date_sk)
                                                         ->  Nested Loop
                                                               ->  Parallel Hash Semi Join
                                                                     Hash Cond: (item_2.i_item_id = item_3.i_item_id)
                                                                     ->  Parallel Seq Scan on item item_2
                                                                     ->  Parallel Hash
                                                                           ->  Parallel Seq Scan on item item_3
                                                                                 Filter: (i_category = 'Jewelry'::bpchar)
                                                               ->  Index Scan using catalog_sales_pkey on catalog_sales
                                                                     Index Cond: (cs_item_sk = item_2.i_item_sk)
                                                         ->  Parallel Hash
                                                               ->  Parallel Seq Scan on date_dim date_dim_1
                                                                     Filter: ((d_year = 2002) AND (d_moy = 10))
                                 ->  Index Scan using customer_address_pkey on customer_address customer_address_1
                                       Index Cond: (ca_address_sk = catalog_sales.cs_bill_addr_sk)
                                       Filter: (ca_gmt_offset = '-5'::numeric)
                     ->  Finalize GroupAggregate
                           Group Key: item_4.i_item_id
                           ->  Nested Loop
                                 ->  Partial GroupAggregate
                                       Group Key: item_4.i_item_id, web_sales.ws_bill_addr_sk
                                       ->  Sort
                                             Sort Key: item_4.i_item_id, web_sales.ws_bill_addr_sk
                                             ->  Gather
                                                   Workers Planned: 2
                                                   ->  Parallel Hash Join
                                                         Hash Cond: (web_sales.ws_sold_date_sk = date_dim_2.d_date_sk)
                                                         ->  Nested Loop
                                                               ->  Parallel Hash Semi Join
                                                                     Hash Cond: (item_4.i_item_id = item_5.i_item_id)
                                                                     ->  Parallel Seq Scan on item item_4
                                                                     ->  Parallel Hash
                                                                           ->  Parallel Seq Scan on item item_5
                                                                                 Filter: (i_category = 'Jewelry'::bpchar)
                                                               ->  Index Scan using web_sales_pkey on web_sales
                                                                     Index Cond: (ws_item_sk = item_4.i_item_sk)
                                                         ->  Parallel Hash
                                                               ->  Parallel Seq Scan on date_dim date_dim_2
                                                                     Filter: ((d_year = 2002) AND (d_moy = 10))
                                 ->  Index Scan using customer_address_pkey on customer_address customer_address_2
                                       Index Cond: (ca_address_sk = web_sales.ws_bill_addr_sk)
                                       Filter: (ca_gmt_offset = '-5'::numeric)
(88 rows)

