                                                                                                                                                                            QUERY PLAN                                                                                                                                                                            
------------------------------------------------------------------------------------------------------------------------------------------------------------------------------------------------------------------------------------------------------------------------------------------------------------------------------------------------------------------
 Limit
   CTE year_total
     ->  Append
           ->  GroupAggregate
                 Group Key: customer.c_customer_id, customer.c_first_name, customer.c_last_name, date_dim.d_year
                 ->  Gather Merge
                       Workers Planned: 2
                       ->  Sort
                             Sort Key: customer.c_customer_id, customer.c_first_name, customer.c_last_name, date_dim.d_year
                             ->  Parallel Hash Join
                                   Hash Cond: (customer.c_customer_sk = store_sales.ss_customer_sk)
                                   ->  Parallel Seq Scan on customer
                                   ->  Parallel Hash
                                         ->  Parallel Hash Join
                                               Hash Cond: (store_sales.ss_sold_date_sk = date_dim.d_date_sk)
                                               ->  Parallel Seq Scan on store_sales
                                               ->  Parallel Hash
                                                     ->  Parallel Seq Scan on date_dim
                                                           Filter: (d_year = ANY ('{2000,2001}'::integer[]))
           ->  Finalize GroupAggregate
                 Group Key: date_dim_1.d_year, customer_1.c_customer_id, customer_1.c_first_name, customer_1.c_last_name
                 ->  Incremental Sort
                       Sort Key: date_dim_1.d_year, customer_1.c_customer_id, customer_1.c_first_name, customer_1.c_last_name
                       Presorted Key: date_dim_1.d_year
                       ->  Gather Merge
                             Workers Planned: 2
                             ->  Nested Loop
                                   ->  Partial GroupAggregate
                                         Group Key: date_dim_1.d_year, web_sales.ws_bill_customer_sk
                                         ->  Sort
                                               Sort Key: date_dim_1.d_year, web_sales.ws_bill_customer_sk
                                               ->  Parallel Hash Join
                                                     Hash Cond: (web_sales.ws_sold_date_sk = date_dim_1.d_date_sk)
                                                     ->  Parallel Seq Scan on web_sales
                                                     ->  Parallel Hash
                                                           ->  Parallel Seq Scan on date_dim date_dim_1
                                                                 Filter: (d_year = ANY ('{2000,2001}'::integer[]))
                                   ->  Index Scan using customer_pkey on customer customer_1
                                         Index Cond: (c_customer_sk = web_sales.ws_bill_customer_sk)
   ->  Sort
         Sort Key: t_s_secyear.customer_last_name, t_s_secyear.customer_first_name, t_s_secyear.customer_id
         ->  Nested Loop
               Join Filter: ((t_s_secyear.customer_id = t_w_secyear.customer_id) AND (CASE WHEN (t_w_firstyear.year_total > '0'::numeric) THEN (t_w_secyear.year_total / t_w_firstyear.year_total) ELSE NULL::numeric END > CASE WHEN (t_s_firstyear.year_total > '0'::numeric) THEN (t_s_secyear.year_total / t_s_firstyear.year_total) ELSE NULL::numeric END))
               ->  Nested Loop
                     Join Filter: (t_s_firstyear.customer_id = t_s_secyear.customer_id)
                     ->  Nested Loop
                           Join Filter: (t_s_firstyear.customer_id = t_w_firstyear.customer_id)
                           ->  CTE Scan on year_total t_s_firstyear
                                 Filter: ((year_total > '0'::numeric) AND (sale_type = 's'::text) AND (year = 2000))
                           ->  CTE Scan on year_total t_w_firstyear
                                 Filter: ((year_total > '0'::numeric) AND (sale_type = 'w'::text) AND (year = 2000))
                     ->  CTE Scan on year_total t_s_secyear
                           Filter: ((sale_type = 's'::text) AND (year = 2001))
               ->  CTE Scan on year_total t_w_secyear
                     Filter: ((sale_type = 'w'::text) AND (year = 2001))
(55 rows)

