                                                                                                                                                   QUERY PLAN                                                                                                                                                   
----------------------------------------------------------------------------------------------------------------------------------------------------------------------------------------------------------------------------------------------------------------------------------------------------------------
 Limit
   CTE all_sales
     ->  GroupAggregate
           Group Key: date_dim.d_year, item.i_brand_id, item.i_class_id, item.i_category_id, item.i_manufact_id
           ->  Unique
                 ->  Merge Append
                       Sort Key: date_dim.d_year, item.i_brand_id, item.i_class_id, item.i_category_id, item.i_manufact_id, ((catalog_sales.cs_quantity - COALESCE(catalog_returns.cr_return_quantity, 0))), ((catalog_sales.cs_ext_sales_price - COALESCE(catalog_returns.cr_return_amount, 0.0)))
                       ->  Gather Merge
                             Workers Planned: 2
                             ->  Sort
                                   Sort Key: date_dim.d_year, item.i_brand_id, item.i_class_id, item.i_category_id, item.i_manufact_id, ((catalog_sales.cs_quantity - COALESCE(catalog_returns.cr_return_quantity, 0))), ((catalog_sales.cs_ext_sales_price - COALESCE(catalog_returns.cr_return_amount, 0.0)))
                                   ->  Parallel Hash Left Join
                                         Hash Cond: ((catalog_sales.cs_order_number = catalog_returns.cr_order_number) AND (catalog_sales.cs_item_sk = catalog_returns.cr_item_sk))
                                         ->  Parallel Hash Join
                                               Hash Cond: (catalog_sales.cs_sold_date_sk = date_dim.d_date_sk)
                                               ->  Parallel Hash Join
                                                     Hash Cond: (catalog_sales.cs_item_sk = item.i_item_sk)
                                                     ->  Parallel Seq Scan on catalog_sales
                                                     ->  Parallel Hash
                                                           ->  Parallel Seq Scan on item
                                                                 Filter: (i_category = 'Women'::bpchar)
                                               ->  Parallel Hash
                                                     ->  Parallel Seq Scan on date_dim
                                         ->  Parallel Hash
                                               ->  Parallel Seq Scan on catalog_returns
                       ->  Gather Merge
                             Workers Planned: 2
                             ->  Sort
                                   Sort Key: date_dim_1.d_year, item_1.i_brand_id, item_1.i_class_id, item_1.i_category_id, item_1.i_manufact_id, ((store_sales.ss_quantity - COALESCE(store_returns.sr_return_quantity, 0))), ((store_sales.ss_ext_sales_price - COALESCE(store_returns.sr_return_amt, 0.0)))
                                   ->  Parallel Hash Left Join
                                         Hash Cond: ((store_sales.ss_ticket_number = store_returns.sr_ticket_number) AND (store_sales.ss_item_sk = store_returns.sr_item_sk))
                                         ->  Parallel Hash Join
                                               Hash Cond: (store_sales.ss_sold_date_sk = date_dim_1.d_date_sk)
                                               ->  Parallel Hash Join
                                                     Hash Cond: (store_sales.ss_item_sk = item_1.i_item_sk)
                                                     ->  Parallel Seq Scan on store_sales
                                                     ->  Parallel Hash
                                                           ->  Parallel Seq Scan on item item_1
                                                                 Filter: (i_category = 'Women'::bpchar)
                                               ->  Parallel Hash
                                                     ->  Parallel Seq Scan on date_dim date_dim_1
                                         ->  Parallel Hash
                                               ->  Parallel Seq Scan on store_returns
                       ->  Gather Merge
                             Workers Planned: 2
                             ->  Sort
                                   Sort Key: date_dim_2.d_year, item_2.i_brand_id, item_2.i_class_id, item_2.i_category_id, item_2.i_manufact_id, ((web_sales.ws_quantity - COALESCE(web_returns.wr_return_quantity, 0))), ((web_sales.ws_ext_sales_price - COALESCE(web_returns.wr_return_amt, 0.0)))
                                   ->  Parallel Hash Left Join
                                         Hash Cond: ((web_sales.ws_order_number = web_returns.wr_order_number) AND (web_sales.ws_item_sk = web_returns.wr_item_sk))
                                         ->  Parallel Hash Join
                                               Hash Cond: (web_sales.ws_sold_date_sk = date_dim_2.d_date_sk)
                                               ->  Parallel Hash Join
                                                     Hash Cond: (web_sales.ws_item_sk = item_2.i_item_sk)
                                                     ->  Parallel Seq Scan on web_sales
                                                     ->  Parallel Hash
                                                           ->  Parallel Seq Scan on item item_2
                                                                 Filter: (i_category = 'Women'::bpchar)
                                               ->  Parallel Hash
                                                     ->  Parallel Seq Scan on date_dim date_dim_2
                                         ->  Parallel Hash
                                               ->  Parallel Seq Scan on web_returns
   ->  Sort
         Sort Key: ((curr_yr.sales_cnt - prev_yr.sales_cnt)), ((curr_yr.sales_amt - prev_yr.sales_amt))
         ->  Merge Join
               Merge Cond: ((curr_yr.i_brand_id = prev_yr.i_brand_id) AND (curr_yr.i_class_id = prev_yr.i_class_id) AND (curr_yr.i_category_id = prev_yr.i_category_id) AND (curr_yr.i_manufact_id = prev_yr.i_manufact_id))
               Join Filter: (((curr_yr.sales_cnt)::numeric(17,2) / (prev_yr.sales_cnt)::numeric(17,2)) < 0.9)
               ->  CTE Scan on all_sales curr_yr
                     Filter: (d_year = 2001)
               ->  Materialize
                     ->  CTE Scan on all_sales prev_yr
                           Filter: (d_year = 2000)
(71 rows)

