                                                                                         QUERY PLAN                                                                                          
---------------------------------------------------------------------------------------------------------------------------------------------------------------------------------------------
 Limit
   ->  Sort
         Sort Key: ('store channel'::text), store.s_store_sk
         ->  MixedAggregate
               Hash Key: ('store channel'::text), store.s_store_sk
               Hash Key: ('store channel'::text)
               Group Key: ()
               ->  Append
                     ->  Merge Left Join
                           Merge Cond: (store.s_store_sk = store_1.s_store_sk)
                           ->  Finalize GroupAggregate
                                 Group Key: store.s_store_sk
                                 ->  Merge Join
                                       Merge Cond: (store_sales.ss_store_sk = store.s_store_sk)
                                       ->  Partial GroupAggregate
                                             Group Key: store_sales.ss_store_sk
                                             ->  Gather Merge
                                                   Workers Planned: 2
                                                   ->  Sort
                                                         Sort Key: store_sales.ss_store_sk
                                                         ->  Parallel Hash Join
                                                               Hash Cond: (store_sales.ss_sold_date_sk = date_dim.d_date_sk)
                                                               ->  Parallel Seq Scan on store_sales
                                                               ->  Parallel Hash
                                                                     ->  Parallel Seq Scan on date_dim
                                                                           Filter: ((d_date >= '1998-08-26'::date) AND (d_date <= '1998-09-25 00:00:00'::timestamp without time zone))
                                       ->  Sort
                                             Sort Key: store.s_store_sk
                                             ->  Seq Scan on store
                           ->  Finalize GroupAggregate
                                 Group Key: store_1.s_store_sk
                                 ->  Gather Merge
                                       Workers Planned: 2
                                       ->  Nested Loop
                                             ->  Partial GroupAggregate
                                                   Group Key: store_returns.sr_store_sk
                                                   ->  Sort
                                                         Sort Key: store_returns.sr_store_sk
                                                         ->  Parallel Hash Join
                                                               Hash Cond: (store_returns.sr_returned_date_sk = date_dim_1.d_date_sk)
                                                               ->  Parallel Seq Scan on store_returns
                                                               ->  Parallel Hash
                                                                     ->  Parallel Seq Scan on date_dim date_dim_1
                                                                           Filter: ((d_date >= '1998-08-26'::date) AND (d_date <= '1998-09-25 00:00:00'::timestamp without time zone))
                                             ->  Index Only Scan using store_pkey on store store_1
                                                   Index Cond: (s_store_sk = store_returns.sr_store_sk)
                     ->  Nested Loop
                           ->  Finalize GroupAggregate
                                 Group Key: catalog_sales.cs_call_center_sk
                                 ->  Gather Merge
                                       Workers Planned: 2
                                       ->  Partial GroupAggregate
                                             Group Key: catalog_sales.cs_call_center_sk
                                             ->  Sort
                                                   Sort Key: catalog_sales.cs_call_center_sk
                                                   ->  Parallel Hash Join
                                                         Hash Cond: (catalog_sales.cs_sold_date_sk = date_dim_2.d_date_sk)
                                                         ->  Parallel Seq Scan on catalog_sales
                                                         ->  Parallel Hash
                                                               ->  Parallel Seq Scan on date_dim date_dim_2
                                                                     Filter: ((d_date >= '1998-08-26'::date) AND (d_date <= '1998-09-25 00:00:00'::timestamp without time zone))
                           ->  Materialize
                                 ->  Subquery Scan on cr
                                       ->  Finalize GroupAggregate
                                             Group Key: catalog_returns.cr_call_center_sk
                                             ->  Gather Merge
                                                   Workers Planned: 2
                                                   ->  Partial GroupAggregate
                                                         Group Key: catalog_returns.cr_call_center_sk
                                                         ->  Sort
                                                               Sort Key: catalog_returns.cr_call_center_sk
                                                               ->  Parallel Hash Join
                                                                     Hash Cond: (catalog_returns.cr_returned_date_sk = date_dim_3.d_date_sk)
                                                                     ->  Parallel Seq Scan on catalog_returns
                                                                     ->  Parallel Hash
                                                                           ->  Parallel Seq Scan on date_dim date_dim_3
                                                                                 Filter: ((d_date >= '1998-08-26'::date) AND (d_date <= '1998-09-25 00:00:00'::timestamp without time zone))
                     ->  Merge Left Join
                           Merge Cond: (web_page.wp_web_page_sk = web_page_1.wp_web_page_sk)
                           ->  Finalize GroupAggregate
                                 Group Key: web_page.wp_web_page_sk
                                 ->  Gather Merge
                                       Workers Planned: 2
                                       ->  Merge Join
                                             Merge Cond: (web_sales.ws_web_page_sk = web_page.wp_web_page_sk)
                                             ->  Partial GroupAggregate
                                                   Group Key: web_sales.ws_web_page_sk
                                                   ->  Sort
                                                         Sort Key: web_sales.ws_web_page_sk
                                                         ->  Parallel Hash Join
                                                               Hash Cond: (web_sales.ws_sold_date_sk = date_dim_4.d_date_sk)
                                                               ->  Parallel Seq Scan on web_sales
                                                               ->  Parallel Hash
                                                                     ->  Parallel Seq Scan on date_dim date_dim_4
                                                                           Filter: ((d_date >= '1998-08-26'::date) AND (d_date <= '1998-09-25 00:00:00'::timestamp without time zone))
                                             ->  Sort
                                                   Sort Key: web_page.wp_web_page_sk
                                                   ->  Seq Scan on web_page
                           ->  Finalize GroupAggregate
                                 Group Key: web_page_1.wp_web_page_sk
                                 ->  Gather Merge
                                       Workers Planned: 2
                                       ->  Merge Join
                                             Merge Cond: (web_returns.wr_web_page_sk = web_page_1.wp_web_page_sk)
                                             ->  Partial GroupAggregate
                                                   Group Key: web_returns.wr_web_page_sk
                                                   ->  Sort
                                                         Sort Key: web_returns.wr_web_page_sk
                                                         ->  Parallel Hash Join
                                                               Hash Cond: (web_returns.wr_returned_date_sk = date_dim_5.d_date_sk)
                                                               ->  Parallel Seq Scan on web_returns
                                                               ->  Parallel Hash
                                                                     ->  Parallel Seq Scan on date_dim date_dim_5
                                                                           Filter: ((d_date >= '1998-08-26'::date) AND (d_date <= '1998-09-25 00:00:00'::timestamp without time zone))
                                             ->  Sort
                                                   Sort Key: web_page_1.wp_web_page_sk
                                                   ->  Seq Scan on web_page web_page_1
(117 rows)

