                                                                      QUERY PLAN                                                                      
------------------------------------------------------------------------------------------------------------------------------------------------------
 Limit
   ->  Sort
         Sort Key: customer.c_last_name, customer.c_first_name, (substr((ms.s_city)::text, 1, 30)), ms.profit
         ->  Merge Join
               Merge Cond: (customer.c_customer_sk = ms.ss_customer_sk)
               ->  Index Scan using customer_pkey on customer
               ->  Sort
                     Sort Key: ms.ss_customer_sk
                     ->  Subquery Scan on ms
                           ->  GroupAggregate
                                 Group Key: store_sales.ss_ticket_number, store_sales.ss_customer_sk, store_sales.ss_addr_sk, store.s_city
                                 ->  Gather Merge
                                       Workers Planned: 2
                                       ->  Sort
                                             Sort Key: store_sales.ss_ticket_number, store_sales.ss_customer_sk, store_sales.ss_addr_sk, store.s_city
                                             ->  Hash Join
                                                   Hash Cond: (store_sales.ss_store_sk = store.s_store_sk)
                                                   ->  Hash Join
                                                         Hash Cond: (store_sales.ss_hdemo_sk = household_demographics.hd_demo_sk)
                                                         ->  Parallel Hash Join
                                                               Hash Cond: (store_sales.ss_sold_date_sk = date_dim.d_date_sk)
                                                               ->  Parallel Seq Scan on store_sales
                                                               ->  Parallel Hash
                                                                     ->  Parallel Seq Scan on date_dim
                                                                           Filter: ((d_dow = 1) AND (d_year = ANY ('{1998,1999,2000}'::integer[])))
                                                         ->  Hash
                                                               ->  Seq Scan on household_demographics
                                                                     Filter: ((hd_dep_count = 4) OR (hd_vehicle_count > 0))
                                                   ->  Hash
                                                         ->  Seq Scan on store
                                                               Filter: ((s_number_employees >= 200) AND (s_number_employees <= 295))
(31 rows)

