                                                                                                     QUERY PLAN                                                                                                     
--------------------------------------------------------------------------------------------------------------------------------------------------------------------------------------------------------------------
 Limit
   ->  Sort
         Sort Key: sub.lochierarchy DESC, (CASE WHEN (sub.lochierarchy = 0) THEN sub.i_category ELSE NULL::bpchar END), sub.rank_within_parent
         ->  Subquery Scan on sub
               ->  WindowAgg
                     ->  Sort
                           Sort Key: ((GROUPING(item.i_category) + GROUPING(item.i_class))), (CASE WHEN (GROUPING(item.i_class) = 0) THEN item.i_category ELSE NULL::bpchar END), (sum(web_sales.ws_net_paid)) DESC
                           ->  MixedAggregate
                                 Hash Key: item.i_category, item.i_class
                                 Hash Key: item.i_category
                                 Group Key: ()
                                 ->  Gather
                                       Workers Planned: 2
                                       ->  Nested Loop
                                             ->  Parallel Hash Join
                                                   Hash Cond: (web_sales.ws_sold_date_sk = d1.d_date_sk)
                                                   ->  Parallel Seq Scan on web_sales
                                                   ->  Parallel Hash
                                                         ->  Parallel Seq Scan on date_dim d1
                                                               Filter: ((d_month_seq >= 1210) AND (d_month_seq <= 1221))
                                             ->  Index Scan using item_pkey on item
                                                   Index Cond: (i_item_sk = web_sales.ws_item_sk)
(22 rows)

