                                                                                                        QUERY PLAN                                                                                                        
--------------------------------------------------------------------------------------------------------------------------------------------------------------------------------------------------------------------------
 Sort
   Sort Key: (sum(catalog_returns.cr_net_loss)) DESC
   ->  GroupAggregate
         Group Key: call_center.cc_call_center_id, call_center.cc_name, call_center.cc_manager, customer_demographics.cd_marital_status, customer_demographics.cd_education_status
         ->  Sort
               Sort Key: call_center.cc_call_center_id, call_center.cc_name, call_center.cc_manager, customer_demographics.cd_marital_status, customer_demographics.cd_education_status
               ->  Gather
                     Workers Planned: 2
                     ->  Nested Loop
                           ->  Nested Loop
                                 ->  Nested Loop
                                       ->  Nested Loop
                                             ->  Hash Join
                                                   Hash Cond: (catalog_returns.cr_call_center_sk = call_center.cc_call_center_sk)
                                                   ->  Parallel Hash Join
                                                         Hash Cond: (catalog_returns.cr_returned_date_sk = date_dim.d_date_sk)
                                                         ->  Parallel Seq Scan on catalog_returns
                                                         ->  Parallel Hash
                                                               ->  Parallel Seq Scan on date_dim
                                                                     Filter: ((d_year = 2000) AND (d_moy = 12))
                                                   ->  Hash
                                                         ->  Seq Scan on call_center
                                             ->  Index Scan using customer_pkey on customer
                                                   Index Cond: (c_customer_sk = catalog_returns.cr_returning_customer_sk)
                                       ->  Index Scan using household_demographics_pkey on household_demographics
                                             Index Cond: (hd_demo_sk = customer.c_current_hdemo_sk)
                                             Filter: (hd_buy_potential ~~ '5001-10000%'::text)
                                 ->  Index Scan using customer_address_pkey on customer_address
                                       Index Cond: (ca_address_sk = customer.c_current_addr_sk)
                                       Filter: (ca_gmt_offset = '-7'::numeric)
                           ->  Index Scan using customer_demographics_pkey on customer_demographics
                                 Index Cond: (cd_demo_sk = customer.c_current_cdemo_sk)
                                 Filter: (((cd_marital_status = 'M'::bpchar) AND (cd_education_status = 'Unknown'::bpchar)) OR ((cd_marital_status = 'W'::bpchar) AND (cd_education_status = 'Advanced Degree'::bpchar)))
(33 rows)

