                                        QUERY PLAN                                         
-------------------------------------------------------------------------------------------
 Limit
   CTE customer_total_return
     ->  HashAggregate
           Group Key: store_returns.sr_customer_sk, store_returns.sr_store_sk
           ->  Gather
                 Workers Planned: 2
                 ->  Parallel Hash Join
                       Hash Cond: (store_returns.sr_returned_date_sk = date_dim.d_date_sk)
                       ->  Parallel Seq Scan on store_returns
                       ->  Parallel Hash
                             ->  Parallel Seq Scan on date_dim
                                   Filter: (d_year = 2000)
   ->  Nested Loop
         Join Filter: (customer.c_customer_sk = ctr1.ctr_customer_sk)
         ->  Gather Merge
               Workers Planned: 2
               ->  Sort
                     Sort Key: customer.c_customer_id
                     ->  Parallel Seq Scan on customer
         ->  Materialize
               ->  Nested Loop
                     Join Filter: (store.s_store_sk = ctr1.ctr_store_sk)
                     ->  CTE Scan on customer_total_return ctr1
                           Filter: (ctr_total_return > (SubPlan 2))
                           SubPlan 2
                             ->  Aggregate
                                   ->  CTE Scan on customer_total_return ctr2
                                         Filter: (ctr1.ctr_store_sk = ctr_store_sk)
                     ->  Materialize
                           ->  Seq Scan on store
                                 Filter: (s_state = 'SD'::bpchar)
(31 rows)

