                                                                                            QUERY PLAN                                                                                             
---------------------------------------------------------------------------------------------------------------------------------------------------------------------------------------------------
 Limit
   ->  Sort
         Sort Key: item.i_category, item.i_class, item.i_item_id, item.i_item_desc, ((((sum(web_sales.ws_ext_sales_price)) * '100'::numeric) / sum((sum(web_sales.ws_ext_sales_price))) OVER (?)))
         ->  WindowAgg
               ->  Sort
                     Sort Key: item.i_class
                     ->  GroupAggregate
                           Group Key: item.i_category, item.i_class, item.i_item_id, item.i_item_desc, item.i_current_price
                           ->  Gather Merge
                                 Workers Planned: 2
                                 ->  Sort
                                       Sort Key: item.i_category, item.i_class, item.i_item_id, item.i_item_desc, item.i_current_price
                                       ->  Nested Loop
                                             ->  Parallel Hash Join
                                                   Hash Cond: (web_sales.ws_sold_date_sk = date_dim.d_date_sk)
                                                   ->  Parallel Seq Scan on web_sales
                                                   ->  Parallel Hash
                                                         ->  Parallel Seq Scan on date_dim
                                                               Filter: ((d_date >= '2001-03-04'::date) AND (d_date <= '2001-04-03 00:00:00'::timestamp without time zone))
                                             ->  Index Scan using item_pkey on item
                                                   Index Cond: (i_item_sk = web_sales.ws_item_sk)
                                                   Filter: (i_category = ANY ('{Men,Sports,Home}'::bpchar[]))
(22 rows)

