                                                                                                                                                                                                                                                                                                                                                                                                          QUERY PLAN                                                                                                                                                                                                                                                                                                                                                                                                           
-------------------------------------------------------------------------------------------------------------------------------------------------------------------------------------------------------------------------------------------------------------------------------------------------------------------------------------------------------------------------------------------------------------------------------------------------------------------------------------------------------------------------------------------------------------------------------------------------------------------------------------------------------------------------------------------------------------------------------------------------------------------------------------------------------------------------------
 Limit
   ->  GroupAggregate
         Group Key: warehouse.w_warehouse_name, item.i_item_id
         Filter: (((CASE WHEN (sum(CASE WHEN (date_dim.d_date < '2002-05-26'::date) THEN inventory.inv_quantity_on_hand ELSE 0 END) > 0) THEN (sum(CASE WHEN (date_dim.d_date >= '2002-05-26'::date) THEN inventory.inv_quantity_on_hand ELSE 0 END) / sum(CASE WHEN (date_dim.d_date < '2002-05-26'::date) THEN inventory.inv_quantity_on_hand ELSE 0 END)) ELSE NULL::bigint END)::numeric >= 0.66666666666666666667) AND ((CASE WHEN (sum(CASE WHEN (date_dim.d_date < '2002-05-26'::date) THEN inventory.inv_quantity_on_hand ELSE 0 END) > 0) THEN (sum(CASE WHEN (date_dim.d_date >= '2002-05-26'::date) THEN inventory.inv_quantity_on_hand ELSE 0 END) / sum(CASE WHEN (date_dim.d_date < '2002-05-26'::date) THEN inventory.inv_quantity_on_hand ELSE 0 END)) ELSE NULL::bigint END)::numeric <= 1.5000000000000000))
         ->  Gather Merge
               Workers Planned: 2
               ->  Sort
                     Sort Key: warehouse.w_warehouse_name, item.i_item_id
                     ->  Hash Join
                           Hash Cond: (inventory.inv_warehouse_sk = warehouse.w_warehouse_sk)
                           ->  Parallel Hash Join
                                 Hash Cond: (inventory.inv_item_sk = item.i_item_sk)
                                 ->  Parallel Hash Join
                                       Hash Cond: (inventory.inv_date_sk = date_dim.d_date_sk)
                                       ->  Parallel Seq Scan on inventory
                                       ->  Parallel Hash
                                             ->  Parallel Seq Scan on date_dim
                                                   Filter: ((d_date >= '2002-04-26 00:00:00'::timestamp without time zone) AND (d_date <= '2002-06-25 00:00:00'::timestamp without time zone))
                                 ->  Parallel Hash
                                       ->  Parallel Seq Scan on item
                                             Filter: ((i_current_price >= 0.99) AND (i_current_price <= 1.49))
                           ->  Hash
                                 ->  Seq Scan on warehouse
(23 rows)

