                                                                                                      QUERY PLAN                                                                                                       
-----------------------------------------------------------------------------------------------------------------------------------------------------------------------------------------------------------------------
 GroupAggregate
   Group Key: ssales.c_last_name, ssales.c_first_name, ssales.s_store_name
   Filter: (sum(ssales.netpaid) > (InitPlan 2).col1)
   CTE ssales
     ->  GroupAggregate
           Group Key: customer.c_last_name, customer.c_first_name, store.s_store_name, customer_address.ca_state, store.s_state, item.i_color, item.i_current_price, item.i_manager_id, item.i_units, item.i_size
           ->  Sort
                 Sort Key: customer.c_last_name, customer.c_first_name, store.s_store_name, customer_address.ca_state, store.s_state, item.i_color, item.i_current_price, item.i_manager_id, item.i_units, item.i_size
                 ->  Nested Loop
                       ->  Gather
                             Workers Planned: 2
                             ->  Nested Loop
                                   ->  Parallel Hash Join
                                         Hash Cond: ((customer.c_current_addr_sk = customer_address.ca_address_sk) AND (store.s_zip = customer_address.ca_zip))
                                         Join Filter: ((customer.c_birth_country)::text <> upper((customer_address.ca_country)::text))
                                         ->  Parallel Hash Join
                                               Hash Cond: (store_sales.ss_customer_sk = customer.c_customer_sk)
                                               ->  Hash Join
                                                     Hash Cond: (store_sales.ss_store_sk = store.s_store_sk)
                                                     ->  Parallel Seq Scan on store_sales
                                                     ->  Hash
                                                           ->  Seq Scan on store
                                                                 Filter: (s_market_id = 9)
                                               ->  Parallel Hash
                                                     ->  Parallel Seq Scan on customer
                                         ->  Parallel Hash
                                               ->  Parallel Seq Scan on customer_address
                                   ->  Index Only Scan using store_returns_pkey on store_returns
                                         Index Cond: ((sr_item_sk = store_sales.ss_item_sk) AND (sr_ticket_number = store_sales.ss_ticket_number))
                       ->  Index Scan using item_pkey on item
                             Index Cond: (i_item_sk = store_sales.ss_item_sk)
   InitPlan 2
     ->  Aggregate
           ->  CTE Scan on ssales ssales_1
   ->  CTE Scan on ssales
         Filter: (i_color = 'chocolate'::bpchar)
(36 rows)

