                                                                                                                                          QUERY PLAN                                                                                                                                          
----------------------------------------------------------------------------------------------------------------------------------------------------------------------------------------------------------------------------------------------------------------------------------------------
 Sort
   Sort Key: customer.c_last_name, customer.c_first_name, customer.c_salutation, customer.c_preferred_cust_flag DESC, store_sales.ss_ticket_number
   ->  Nested Loop
         ->  GroupAggregate
               Group Key: store_sales.ss_ticket_number, store_sales.ss_customer_sk
               Filter: ((count(*) >= 15) AND (count(*) <= 20))
               ->  Gather Merge
                     Workers Planned: 2
                     ->  Sort
                           Sort Key: store_sales.ss_ticket_number, store_sales.ss_customer_sk
                           ->  Hash Join
                                 Hash Cond: (store_sales.ss_store_sk = store.s_store_sk)
                                 ->  Hash Join
                                       Hash Cond: (store_sales.ss_hdemo_sk = household_demographics.hd_demo_sk)
                                       ->  Parallel Hash Join
                                             Hash Cond: (store_sales.ss_sold_date_sk = date_dim.d_date_sk)
                                             ->  Parallel Seq Scan on store_sales
                                             ->  Parallel Hash
                                                   ->  Parallel Seq Scan on date_dim
                                                         Filter: ((d_year = ANY ('{2000,2001,2002}'::integer[])) AND (((d_dom >= 1) AND (d_dom <= 3)) OR ((d_dom >= 25) AND (d_dom <= 28))))
                                       ->  Hash
                                             ->  Seq Scan on household_demographics
                                                   Filter: ((hd_vehicle_count > 0) AND ((hd_buy_potential = '>10000'::bpchar) OR (hd_buy_potential = '0-500'::bpchar)) AND ((CASE WHEN (hd_vehicle_count > 0) THEN (hd_dep_count / hd_vehicle_count) ELSE NULL::integer END)::numeric > 1.2))
                                 ->  Hash
                                       ->  Seq Scan on store
                                             Filter: ((s_county)::text = ANY ('{"Ziebach County","Williamson County","Walker County","Williamson County","Ziebach County","Ziebach County","Ziebach County","Ziebach County"}'::text[]))
         ->  Index Scan using customer_pkey on customer
               Index Cond: (c_customer_sk = store_sales.ss_customer_sk)
(28 rows)

