                                                                                                                 QUERY PLAN                                                                                                                 
--------------------------------------------------------------------------------------------------------------------------------------------------------------------------------------------------------------------------------------------
 Limit
   ->  GroupAggregate
         Group Key: ca.ca_state, customer_demographics.cd_gender, customer_demographics.cd_marital_status, customer_demographics.cd_dep_count, customer_demographics.cd_dep_employed_count, customer_demographics.cd_dep_college_count
         ->  Incremental Sort
               Sort Key: ca.ca_state, customer_demographics.cd_gender, customer_demographics.cd_marital_status, customer_demographics.cd_dep_count, customer_demographics.cd_dep_employed_count, customer_demographics.cd_dep_college_count
               Presorted Key: ca.ca_state
               ->  Nested Loop
                     Join Filter: (ca.ca_address_sk = c.c_current_addr_sk)
                     ->  Gather Merge
                           Workers Planned: 2
                           ->  Sort
                                 Sort Key: ca.ca_state
                                 ->  Parallel Seq Scan on customer_address ca
                     ->  Materialize
                           ->  Nested Loop
                                 ->  Nested Loop
                                       ->  HashAggregate
                                             Group Key: store_sales.ss_customer_sk
                                             ->  Gather
                                                   Workers Planned: 2
                                                   ->  Parallel Hash Join
                                                         Hash Cond: (store_sales.ss_sold_date_sk = date_dim.d_date_sk)
                                                         ->  Parallel Seq Scan on store_sales
                                                         ->  Parallel Hash
                                                               ->  Parallel Seq Scan on date_dim
                                                                     Filter: ((d_qoy < 4) AND (d_year = 1999))
                                       ->  Index Scan using customer_pkey on customer c
                                             Index Cond: (c_customer_sk = store_sales.ss_customer_sk)
                                             Filter: ((ANY (c_customer_sk = (hashed SubPlan 2).col1)) OR (ANY (c_customer_sk = (hashed SubPlan 4).col1)))
                                             SubPlan 2
                                               ->  Gather
                                                     Workers Planned: 2
                                                     ->  Parallel Hash Join
                                                           Hash Cond: (web_sales.ws_sold_date_sk = date_dim_1.d_date_sk)
                                                           ->  Parallel Seq Scan on web_sales
                                                           ->  Parallel Hash
                                                                 ->  Parallel Seq Scan on date_dim date_dim_1
                                                                       Filter: ((d_qoy < 4) AND (d_year = 1999))
                                             SubPlan 4
                                               ->  Gather
                                                     Workers Planned: 2
                                                     ->  Parallel Hash Join
                                                           Hash Cond: (catalog_sales.cs_sold_date_sk = date_dim_2.d_date_sk)
                                                           ->  Parallel Seq Scan on catalog_sales
                                                           ->  Parallel Hash
                                                                 ->  Parallel Seq Scan on date_dim date_dim_2
                                                                       Filter: ((d_qoy < 4) AND (d_year = 1999))
                                 ->  Index Scan using customer_demographics_pkey on customer_demographics
                                       Index Cond: (cd_demo_sk = c.c_current_cdemo_sk)
(49 rows)

