                                                                                                                                                                                   QUERY PLAN                                                                                                                                                                                   
--------------------------------------------------------------------------------------------------------------------------------------------------------------------------------------------------------------------------------------------------------------------------------------------------------------------------------------------------------------------------------
 Limit
   CTE year_total
     ->  Append
           ->  GroupAggregate
                 Group Key: customer.c_customer_id, customer.c_first_name, customer.c_last_name, customer.c_preferred_cust_flag, customer.c_birth_country, customer.c_login, customer.c_email_address, date_dim.d_year
                 ->  Gather Merge
                       Workers Planned: 2
                       ->  Sort
                             Sort Key: customer.c_customer_id, customer.c_first_name, customer.c_last_name, customer.c_preferred_cust_flag, customer.c_birth_country, customer.c_login, customer.c_email_address, date_dim.d_year
                             ->  Parallel Hash Join
                                   Hash Cond: (store_sales.ss_customer_sk = customer.c_customer_sk)
                                   ->  Parallel Hash Join
                                         Hash Cond: (store_sales.ss_sold_date_sk = date_dim.d_date_sk)
                                         ->  Parallel Seq Scan on store_sales
                                         ->  Parallel Hash
                                               ->  Parallel Seq Scan on date_dim
                                   ->  Parallel Hash
                                         ->  Parallel Seq Scan on customer
           ->  GroupAggregate
                 Group Key: customer_1.c_customer_id, customer_1.c_first_name, customer_1.c_last_name, customer_1.c_preferred_cust_flag, customer_1.c_birth_country, customer_1.c_login, customer_1.c_email_address, date_dim_1.d_year
                 ->  Gather Merge
                       Workers Planned: 2
                       ->  Sort
                             Sort Key: customer_1.c_customer_id, customer_1.c_first_name, customer_1.c_last_name, customer_1.c_preferred_cust_flag, customer_1.c_birth_country, customer_1.c_login, customer_1.c_email_address, date_dim_1.d_year
                             ->  Parallel Hash Join
                                   Hash Cond: (catalog_sales.cs_bill_customer_sk = customer_1.c_customer_sk)
                                   ->  Parallel Hash Join
                                         Hash Cond: (catalog_sales.cs_sold_date_sk = date_dim_1.d_date_sk)
                                         ->  Parallel Seq Scan on catalog_sales
                                         ->  Parallel Hash
                                               ->  Parallel Seq Scan on date_dim date_dim_1
                                   ->  Parallel Hash
                                         ->  Parallel Seq Scan on customer customer_1
           ->  GroupAggregate
                 Group Key: customer_2.c_customer_id, customer_2.c_first_name, customer_2.c_last_name, customer_2.c_preferred_cust_flag, customer_2.c_birth_country, customer_2.c_login, customer_2.c_email_address, date_dim_2.d_year
                 ->  Gather Merge
                       Workers Planned: 2
                       ->  Sort
                             Sort Key: customer_2.c_customer_id, customer_2.c_first_name, customer_2.c_last_name, customer_2.c_preferred_cust_flag, customer_2.c_birth_country, customer_2.c_login, customer_2.c_email_address, date_dim_2.d_year
                             ->  Parallel Hash Join
                                   Hash Cond: (web_sales.ws_bill_customer_sk = customer_2.c_customer_sk)
                                   ->  Parallel Hash Join
                                         Hash Cond: (web_sales.ws_sold_date_sk = date_dim_2.d_date_sk)
                                         ->  Parallel Seq Scan on web_sales
                                         ->  Parallel Hash
                                               ->  Parallel Seq Scan on date_dim date_dim_2
                                   ->  Parallel Hash
                                         ->  Parallel Seq Scan on customer customer_2
   ->  Incremental Sort
         Sort Key: t_s_secyear.customer_id, t_s_secyear.customer_first_name, t_s_secyear.customer_last_name, t_s_secyear.customer_birth_country
         Presorted Key: t_s_secyear.customer_id
         ->  Nested Loop
               Join Filter: ((t_s_secyear.customer_id = t_w_secyear.customer_id) AND (CASE WHEN (t_c_firstyear.year_total > '0'::numeric) THEN (t_c_secyear.year_total / t_c_firstyear.year_total) ELSE NULL::numeric END > CASE WHEN (t_w_firstyear.year_total > '0'::numeric) THEN (t_w_secyear.year_total / t_w_firstyear.year_total) ELSE NULL::numeric END))
               ->  Nested Loop
                     Join Filter: (t_s_secyear.customer_id = t_w_firstyear.customer_id)
                     ->  Nested Loop
                           Join Filter: ((t_s_secyear.customer_id = t_c_firstyear.customer_id) AND (CASE WHEN (t_c_firstyear.year_total > '0'::numeric) THEN (t_c_secyear.year_total / t_c_firstyear.year_total) ELSE NULL::numeric END > CASE WHEN (t_s_firstyear.year_total > '0'::numeric) THEN (t_s_secyear.year_total / t_s_firstyear.year_total) ELSE NULL::numeric END))
                           ->  Nested Loop
                                 Join Filter: (t_s_firstyear.customer_id = t_s_secyear.customer_id)
                                 ->  Merge Join
                                       Merge Cond: (t_s_secyear.customer_id = t_c_secyear.customer_id)
                                       ->  Sort
                                             Sort Key: t_s_secyear.customer_id
                                             ->  CTE Scan on year_total t_s_secyear
                                                   Filter: ((sale_type = 's'::text) AND (dyear = 2000))
                                       ->  Sort
                                             Sort Key: t_c_secyear.customer_id
                                             ->  CTE Scan on year_total t_c_secyear
                                                   Filter: ((sale_type = 'c'::text) AND (dyear = 2000))
                                 ->  CTE Scan on year_total t_s_firstyear
                                       Filter: ((year_total > '0'::numeric) AND (sale_type = 's'::text) AND (dyear = 1999))
                           ->  CTE Scan on year_total t_c_firstyear
                                 Filter: ((year_total > '0'::numeric) AND (sale_type = 'c'::text) AND (dyear = 1999))
                     ->  CTE Scan on year_total t_w_firstyear
                           Filter: ((year_total > '0'::numeric) AND (sale_type = 'w'::text) AND (dyear = 1999))
               ->  CTE Scan on year_total t_w_secyear
                     Filter: ((sale_type = 'w'::text) AND (dyear = 2000))
(77 rows)

