                                                                                                       QUERY PLAN                                                                                                       
------------------------------------------------------------------------------------------------------------------------------------------------------------------------------------------------------------------------
 Limit
   ->  GroupAggregate
         Group Key: customer_address.ca_zip, customer_address.ca_city
         ->  Gather Merge
               Workers Planned: 2
               ->  Sort
                     Sort Key: customer_address.ca_zip, customer_address.ca_city
                     ->  Nested Loop
                           Join Filter: ((substr((customer_address.ca_zip)::text, 1, 5) = ANY ('{85669,86197,88274,83405,86475,85392,85460,80348,81792}'::text[])) OR (ANY (item.i_item_id = (hashed SubPlan 1).col1)))
                           ->  Nested Loop
                                 ->  Nested Loop
                                       ->  Parallel Hash Join
                                             Hash Cond: (web_sales.ws_sold_date_sk = date_dim.d_date_sk)
                                             ->  Parallel Seq Scan on web_sales
                                             ->  Parallel Hash
                                                   ->  Parallel Seq Scan on date_dim
                                                         Filter: ((d_qoy = 2) AND (d_year = 2001))
                                       ->  Index Scan using customer_pkey on customer
                                             Index Cond: (c_customer_sk = web_sales.ws_bill_customer_sk)
                                 ->  Index Scan using customer_address_pkey on customer_address
                                       Index Cond: (ca_address_sk = customer.c_current_addr_sk)
                           ->  Index Scan using item_pkey on item
                                 Index Cond: (i_item_sk = web_sales.ws_item_sk)
                           SubPlan 1
                             ->  Index Scan using item_pkey on item item_1
                                   Index Cond: (i_item_sk = ANY ('{2,3,5,7,11,13,17,19,23,29}'::integer[]))
(26 rows)

