                                                                                      QUERY PLAN                                                                                       
---------------------------------------------------------------------------------------------------------------------------------------------------------------------------------------
 Limit
   ->  Sort
         Sort Key: customer.c_last_name, customer.c_first_name, current_addr.ca_city, dn.bought_city, dn.ss_ticket_number
         ->  Nested Loop
               Join Filter: ((current_addr.ca_city)::text <> (dn.bought_city)::text)
               ->  Merge Join
                     Merge Cond: (customer.c_customer_sk = dn.ss_customer_sk)
                     ->  Index Scan using customer_pkey on customer
                     ->  Sort
                           Sort Key: dn.ss_customer_sk
                           ->  Subquery Scan on dn
                                 ->  GroupAggregate
                                       Group Key: store_sales.ss_ticket_number, store_sales.ss_customer_sk, store_sales.ss_addr_sk, customer_address.ca_city
                                       ->  Gather Merge
                                             Workers Planned: 2
                                             ->  Sort
                                                   Sort Key: store_sales.ss_ticket_number, store_sales.ss_customer_sk, store_sales.ss_addr_sk, customer_address.ca_city
                                                   ->  Nested Loop
                                                         ->  Hash Join
                                                               Hash Cond: (store_sales.ss_store_sk = store.s_store_sk)
                                                               ->  Hash Join
                                                                     Hash Cond: (store_sales.ss_hdemo_sk = household_demographics.hd_demo_sk)
                                                                     ->  Parallel Hash Join
                                                                           Hash Cond: (store_sales.ss_sold_date_sk = date_dim.d_date_sk)
                                                                           ->  Parallel Seq Scan on store_sales
                                                                           ->  Parallel Hash
                                                                                 ->  Parallel Seq Scan on date_dim
                                                                                       Filter: ((d_dow = ANY ('{6,0}'::integer[])) AND (d_year = ANY ('{1999,2000,2001}'::integer[])))
                                                                     ->  Hash
                                                                           ->  Seq Scan on household_demographics
                                                                                 Filter: ((hd_dep_count = 8) OR (hd_vehicle_count = 4))
                                                               ->  Hash
                                                                     ->  Seq Scan on store
                                                                           Filter: ((s_city)::text = ANY ('{"Five Points",Riverside,Fairview,Midway,"Pleasant Hill"}'::text[]))
                                                         ->  Index Scan using customer_address_pkey on customer_address
                                                               Index Cond: (ca_address_sk = store_sales.ss_addr_sk)
               ->  Index Scan using customer_address_pkey on customer_address current_addr
                     Index Cond: (ca_address_sk = customer.c_current_addr_sk)
(38 rows)

