                                                                                       QUERY PLAN                                                                                       
----------------------------------------------------------------------------------------------------------------------------------------------------------------------------------------
 Limit
   ->  Incremental Sort
         Sort Key: (((my_revenue.revenue / '50'::numeric))::integer), (count(*))
         Presorted Key: (((my_revenue.revenue / '50'::numeric))::integer)
         ->  GroupAggregate
               Group Key: (((my_revenue.revenue / '50'::numeric))::integer)
               ->  Sort
                     Sort Key: (((my_revenue.revenue / '50'::numeric))::integer)
                     ->  Subquery Scan on my_revenue
                           ->  GroupAggregate
                                 Group Key: customer.c_customer_sk
                                 InitPlan 1
                                   ->  Unique
                                         ->  Sort
                                               Sort Key: ((date_dim_2.d_month_seq + 1))
                                               ->  Seq Scan on date_dim date_dim_2
                                                     Filter: ((d_year = 1998) AND (d_moy = 3))
                                 InitPlan 2
                                   ->  Unique
                                         ->  Sort
                                               Sort Key: ((date_dim_3.d_month_seq + 3))
                                               ->  Seq Scan on date_dim date_dim_3
                                                     Filter: ((d_year = 1998) AND (d_moy = 3))
                                 ->  Nested Loop
                                       Join Filter: (customer.c_customer_sk = store_sales.ss_customer_sk)
                                       ->  Nested Loop
                                             Join Filter: (((customer_address.ca_county)::text = (store.s_county)::text) AND (customer_address.ca_state = store.s_state))
                                             ->  Nested Loop
                                                   ->  Unique
                                                         ->  Gather Merge
                                                               Workers Planned: 2
                                                               ->  Unique
                                                                     ->  Sort
                                                                           Sort Key: customer.c_customer_sk, customer.c_current_addr_sk
                                                                           ->  Nested Loop
                                                                                 ->  Parallel Hash Join
                                                                                       Hash Cond: (catalog_sales.cs_sold_date_sk = date_dim_1.d_date_sk)
                                                                                       ->  Nested Loop
                                                                                             ->  Parallel Seq Scan on item
                                                                                                   Filter: ((i_category = 'Electronics'::bpchar) AND (i_class = 'disk drives'::bpchar))
                                                                                             ->  Append
                                                                                                   ->  Bitmap Heap Scan on catalog_sales
                                                                                                         Recheck Cond: (cs_item_sk = item.i_item_sk)
                                                                                                         ->  Bitmap Index Scan on catalog_sales_pkey
                                                                                                               Index Cond: (cs_item_sk = item.i_item_sk)
                                                                                                   ->  Bitmap Heap Scan on web_sales
                                                                                                         Recheck Cond: (ws_item_sk = item.i_item_sk)
                                                                                                         ->  Bitmap Index Scan on web_sales_pkey
                                                                                                               Index Cond: (ws_item_sk = item.i_item_sk)
                                                                                       ->  Parallel Hash
                                                                                             ->  Parallel Seq Scan on date_dim date_dim_1
                                                                                                   Filter: ((d_moy = 3) AND (d_year = 1998))
                                                                                 ->  Index Scan using customer_pkey on customer
                                                                                       Index Cond: (c_customer_sk = catalog_sales.cs_bill_customer_sk)
                                                   ->  Index Scan using customer_address_pkey on customer_address
                                                         Index Cond: (ca_address_sk = customer.c_current_addr_sk)
                                             ->  Materialize
                                                   ->  Seq Scan on store
                                       ->  Gather
                                             Workers Planned: 2
                                             ->  Parallel Hash Join
                                                   Hash Cond: (store_sales.ss_sold_date_sk = date_dim.d_date_sk)
                                                   ->  Parallel Seq Scan on store_sales
                                                   ->  Parallel Hash
                                                         ->  Parallel Seq Scan on date_dim
                                                               Filter: ((d_month_seq >= (InitPlan 1).col1) AND (d_month_seq <= (InitPlan 2).col1))
(66 rows)

