                                                                QUERY PLAN                                                                 
-------------------------------------------------------------------------------------------------------------------------------------------
 Limit
   ->  Sort
         Sort Key: (sum((sum(store_sales.ss_ext_sales_price)))), item.i_item_id
         ->  GroupAggregate
               Group Key: item.i_item_id
               ->  Merge Append
                     Sort Key: item.i_item_id
                     ->  GroupAggregate
                           Group Key: item.i_item_id
                           ->  Gather Merge
                                 Workers Planned: 2
                                 ->  Sort
                                       Sort Key: item.i_item_id
                                       ->  Nested Loop
                                             ->  Parallel Hash Join
                                                   Hash Cond: (store_sales.ss_sold_date_sk = date_dim.d_date_sk)
                                                   ->  Nested Loop
                                                         ->  Merge Semi Join
                                                               Merge Cond: (item.i_item_id = item_1.i_item_id)
                                                               ->  Sort
                                                                     Sort Key: item.i_item_id
                                                                     ->  Parallel Seq Scan on item
                                                               ->  Sort
                                                                     Sort Key: item_1.i_item_id
                                                                     ->  Seq Scan on item item_1
                                                                           Filter: (i_color = ANY ('{olive,metallic,cornsilk}'::bpchar[]))
                                                         ->  Index Scan using store_sales_pkey on store_sales
                                                               Index Cond: (ss_item_sk = item.i_item_sk)
                                                   ->  Parallel Hash
                                                         ->  Parallel Seq Scan on date_dim
                                                               Filter: ((d_year = 2002) AND (d_moy = 3))
                                             ->  Index Scan using customer_address_pkey on customer_address
                                                   Index Cond: (ca_address_sk = store_sales.ss_addr_sk)
                                                   Filter: (ca_gmt_offset = '-5'::numeric)
                     ->  GroupAggregate
                           Group Key: item_2.i_item_id
                           ->  Gather Merge
                                 Workers Planned: 2
                                 ->  Sort
                                       Sort Key: item_2.i_item_id
                                       ->  Nested Loop
                                             ->  Parallel Hash Join
                                                   Hash Cond: (catalog_sales.cs_sold_date_sk = date_dim_1.d_date_sk)
                                                   ->  Nested Loop
                                                         ->  Parallel Hash Semi Join
                                                               Hash Cond: (item_2.i_item_id = item_3.i_item_id)
                                                               ->  Parallel Seq Scan on item item_2
                                                               ->  Parallel Hash
                                                                     ->  Parallel Seq Scan on item item_3
                                                                           Filter: (i_color = ANY ('{olive,metallic,cornsilk}'::bpchar[]))
                                                         ->  Index Scan using catalog_sales_pkey on catalog_sales
                                                               Index Cond: (cs_item_sk = item_2.i_item_sk)
                                                   ->  Parallel Hash
                                                         ->  Parallel Seq Scan on date_dim date_dim_1
                                                               Filter: ((d_year = 2002) AND (d_moy = 3))
                                             ->  Index Scan using customer_address_pkey on customer_address customer_address_1
                                                   Index Cond: (ca_address_sk = catalog_sales.cs_bill_addr_sk)
                                                   Filter: (ca_gmt_offset = '-5'::numeric)
                     ->  GroupAggregate
                           Group Key: item_4.i_item_id
                           ->  Gather Merge
                                 Workers Planned: 2
                                 ->  Sort
                                       Sort Key: item_4.i_item_id
                                       ->  Nested Loop
                                             ->  Parallel Hash Join
                                                   Hash Cond: (web_sales.ws_sold_date_sk = date_dim_2.d_date_sk)
                                                   ->  Nested Loop
                                                         ->  Parallel Hash Semi Join
                                                               Hash Cond: (item_4.i_item_id = item_5.i_item_id)
                                                               ->  Parallel Seq Scan on item item_4
                                                               ->  Parallel Hash
                                                                     ->  Parallel Seq Scan on item item_5
                                                                           Filter: (i_color = ANY ('{olive,metallic,cornsilk}'::bpchar[]))
                                                         ->  Index Scan using web_sales_pkey on web_sales
                                                               Index Cond: (ws_item_sk = item_4.i_item_sk)
                                                   ->  Parallel Hash
                                                         ->  Parallel Seq Scan on date_dim date_dim_2
                                                               Filter: ((d_year = 2002) AND (d_moy = 3))
                                             ->  Index Scan using customer_address_pkey on customer_address customer_address_2
                                                   Index Cond: (ca_address_sk = web_sales.ws_bill_addr_sk)
                                                   Filter: (ca_gmt_offset = '-5'::numeric)
(82 rows)

