                                                                                       QUERY PLAN                                                                                       
----------------------------------------------------------------------------------------------------------------------------------------------------------------------------------------
 Limit
   ->  Sort
         Sort Key: (sum(store_sales.ss_ext_sales_price)), (sum(store_sales_1.ss_ext_sales_price))
         ->  Nested Loop
               ->  Finalize Aggregate
                     ->  Gather
                           Workers Planned: 2
                           ->  Partial Aggregate
                                 ->  Nested Loop
                                       ->  Nested Loop
                                             ->  Nested Loop
                                                   ->  Hash Join
                                                         Hash Cond: (store_sales.ss_store_sk = store.s_store_sk)
                                                         ->  Hash Join
                                                               Hash Cond: (store_sales.ss_promo_sk = promotion.p_promo_sk)
                                                               ->  Parallel Hash Join
                                                                     Hash Cond: (store_sales.ss_sold_date_sk = date_dim.d_date_sk)
                                                                     ->  Parallel Seq Scan on store_sales
                                                                     ->  Parallel Hash
                                                                           ->  Parallel Seq Scan on date_dim
                                                                                 Filter: ((d_year = 2002) AND (d_moy = 12))
                                                               ->  Hash
                                                                     ->  Seq Scan on promotion
                                                                           Filter: ((p_channel_dmail = 'Y'::bpchar) OR (p_channel_email = 'Y'::bpchar) OR (p_channel_tv = 'Y'::bpchar))
                                                         ->  Hash
                                                               ->  Seq Scan on store
                                                                     Filter: (s_gmt_offset = '-6'::numeric)
                                                   ->  Index Scan using item_pkey on item
                                                         Index Cond: (i_item_sk = store_sales.ss_item_sk)
                                                         Filter: (i_category = 'Books'::bpchar)
                                             ->  Index Scan using customer_pkey on customer
                                                   Index Cond: (c_customer_sk = store_sales.ss_customer_sk)
                                       ->  Index Scan using customer_address_pkey on customer_address
                                             Index Cond: (ca_address_sk = customer.c_current_addr_sk)
                                             Filter: (ca_gmt_offset = '-6'::numeric)
               ->  Finalize Aggregate
                     ->  Gather
                           Workers Planned: 2
                           ->  Partial Aggregate
                                 ->  Nested Loop
                                       ->  Nested Loop
                                             ->  Nested Loop
                                                   ->  Hash Join
                                                         Hash Cond: (store_sales_1.ss_store_sk = store_1.s_store_sk)
                                                         ->  Parallel Hash Join
                                                               Hash Cond: (store_sales_1.ss_sold_date_sk = date_dim_1.d_date_sk)
                                                               ->  Parallel Seq Scan on store_sales store_sales_1
                                                               ->  Parallel Hash
                                                                     ->  Parallel Seq Scan on date_dim date_dim_1
                                                                           Filter: ((d_year = 2002) AND (d_moy = 12))
                                                         ->  Hash
                                                               ->  Seq Scan on store store_1
                                                                     Filter: (s_gmt_offset = '-6'::numeric)
                                                   ->  Index Scan using item_pkey on item item_1
                                                         Index Cond: (i_item_sk = store_sales_1.ss_item_sk)
                                                         Filter: (i_category = 'Books'::bpchar)
                                             ->  Index Scan using customer_pkey on customer customer_1
                                                   Index Cond: (c_customer_sk = store_sales_1.ss_customer_sk)
                                       ->  Index Scan using customer_address_pkey on customer_address customer_address_1
                                             Index Cond: (ca_address_sk = customer_1.c_current_addr_sk)
                                             Filter: (ca_gmt_offset = '-6'::numeric)
(61 rows)

