                                                                              QUERY PLAN                                                                              
----------------------------------------------------------------------------------------------------------------------------------------------------------------------
 Limit
   ->  Sort
         Sort Key: customer.c_last_name, store_sales.ss_ticket_number
         ->  Nested Loop
               Join Filter: ((current_addr.ca_city)::text <> (customer_address.ca_city)::text)
               ->  Nested Loop
                     ->  GroupAggregate
                           Group Key: store_sales.ss_ticket_number, store_sales.ss_customer_sk, store_sales.ss_addr_sk, customer_address.ca_city
                           ->  Gather Merge
                                 Workers Planned: 2
                                 ->  Sort
                                       Sort Key: store_sales.ss_ticket_number, store_sales.ss_customer_sk, store_sales.ss_addr_sk, customer_address.ca_city
                                       ->  Nested Loop
                                             ->  Hash Join
                                                   Hash Cond: (store_sales.ss_store_sk = store.s_store_sk)
                                                   ->  Hash Join
                                                         Hash Cond: (store_sales.ss_hdemo_sk = household_demographics.hd_demo_sk)
                                                         ->  Parallel Hash Join
                                                               Hash Cond: (store_sales.ss_sold_date_sk = date_dim.d_date_sk)
                                                               ->  Parallel Seq Scan on store_sales
                                                               ->  Parallel Hash
                                                                     ->  Parallel Seq Scan on date_dim
                                                                           Filter: ((d_dom >= 1) AND (d_dom <= 2) AND (d_year = ANY ('{1998,1999,2000}'::integer[])))
                                                         ->  Hash
                                                               ->  Seq Scan on household_demographics
                                                                     Filter: ((hd_dep_count = 5) OR (hd_vehicle_count = 1))
                                                   ->  Hash
                                                         ->  Seq Scan on store
                                                               Filter: ((s_city)::text = ANY ('{"Oak Grove",Fairview}'::text[]))
                                             ->  Index Scan using customer_address_pkey on customer_address
                                                   Index Cond: (ca_address_sk = store_sales.ss_addr_sk)
                     ->  Index Scan using customer_pkey on customer
                           Index Cond: (c_customer_sk = store_sales.ss_customer_sk)
               ->  Index Scan using customer_address_pkey on customer_address current_addr
                     Index Cond: (ca_address_sk = customer.c_current_addr_sk)
(35 rows)

