                                                                                                                                     QUERY PLAN                                                                                                                                      
-------------------------------------------------------------------------------------------------------------------------------------------------------------------------------------------------------------------------------------------------------------------------------------
 Sort
   Sort Key: (count(*)) DESC, customer.c_last_name
   ->  Nested Loop
         ->  GroupAggregate
               Group Key: store_sales.ss_ticket_number, store_sales.ss_customer_sk
               Filter: ((count(*) >= 1) AND (count(*) <= 5))
               ->  Gather Merge
                     Workers Planned: 2
                     ->  Sort
                           Sort Key: store_sales.ss_ticket_number, store_sales.ss_customer_sk
                           ->  Hash Join
                                 Hash Cond: (store_sales.ss_store_sk = store.s_store_sk)
                                 ->  Hash Join
                                       Hash Cond: (store_sales.ss_hdemo_sk = household_demographics.hd_demo_sk)
                                       ->  Parallel Hash Join
                                             Hash Cond: (store_sales.ss_sold_date_sk = date_dim.d_date_sk)
                                             ->  Parallel Seq Scan on store_sales
                                             ->  Parallel Hash
                                                   ->  Parallel Seq Scan on date_dim
                                                         Filter: ((d_dom >= 1) AND (d_dom <= 2) AND (d_year = ANY ('{1998,1999,2000}'::integer[])))
                                       ->  Hash
                                             ->  Seq Scan on household_demographics
                                                   Filter: ((hd_vehicle_count > 0) AND ((hd_buy_potential = '501-1000'::bpchar) OR (hd_buy_potential = 'Unknown'::bpchar)) AND (CASE WHEN (hd_vehicle_count > 0) THEN (hd_dep_count / hd_vehicle_count) ELSE NULL::integer END > 1))
                                 ->  Hash
                                       ->  Seq Scan on store
                                             Filter: ((s_county)::text = ANY ('{"Walker County","Ziebach County","Williamson County","Walker County"}'::text[]))
         ->  Index Scan using customer_pkey on customer
               Index Cond: (c_customer_sk = store_sales.ss_customer_sk)
(28 rows)

