                                                                                                                                                                                                                        QUERY PLAN                                                                                                                                                                                                                         
-----------------------------------------------------------------------------------------------------------------------------------------------------------------------------------------------------------------------------------------------------------------------------------------------------------------------------------------------------------------------------------------------------------------------------------------------------------
 Limit
   CTE customer_total_return
     ->  GroupAggregate
           Group Key: catalog_returns.cr_returning_customer_sk, customer_address_1.ca_state
           ->  Gather Merge
                 Workers Planned: 2
                 ->  Sort
                       Sort Key: catalog_returns.cr_returning_customer_sk, customer_address_1.ca_state
                       ->  Nested Loop
                             ->  Parallel Hash Join
                                   Hash Cond: (catalog_returns.cr_returned_date_sk = date_dim.d_date_sk)
                                   ->  Parallel Seq Scan on catalog_returns
                                   ->  Parallel Hash
                                         ->  Parallel Seq Scan on date_dim
                                               Filter: (d_year = 2000)
                             ->  Index Scan using customer_address_pkey on customer_address customer_address_1
                                   Index Cond: (ca_address_sk = catalog_returns.cr_returning_addr_sk)
   ->  Sort
         Sort Key: customer.c_customer_id, customer.c_salutation, customer.c_first_name, customer.c_last_name, customer_address.ca_street_number, customer_address.ca_street_name, customer_address.ca_street_type, customer_address.ca_suite_number, customer_address.ca_city, customer_address.ca_county, customer_address.ca_zip, customer_address.ca_country, customer_address.ca_gmt_offset, customer_address.ca_location_type, ctr1.ctr_total_return
         ->  Nested Loop
               ->  Nested Loop
                     ->  CTE Scan on customer_total_return ctr1
                           Filter: (ctr_total_return > (SubPlan 2))
                           SubPlan 2
                             ->  Aggregate
                                   ->  CTE Scan on customer_total_return ctr2
                                         Filter: (ctr1.ctr_state = ctr_state)
                     ->  Index Scan using customer_pkey on customer
                           Index Cond: (c_customer_sk = ctr1.ctr_customer_sk)
               ->  Index Scan using customer_address_pkey on customer_address
                     Index Cond: (ca_address_sk = customer.c_current_addr_sk)
                     Filter: (ca_state = 'AZ'::bpchar)
(32 rows)

