                                                                                      QUERY PLAN                                                                                       
---------------------------------------------------------------------------------------------------------------------------------------------------------------------------------------
 Limit
   ->  Sort
         Sort Key: (count(DISTINCT ws1.ws_order_number))
         ->  Aggregate
               ->  Sort
                     Sort Key: ws1.ws_order_number
                     ->  Nested Loop Semi Join
                           ->  Nested Loop
                                 ->  Gather
                                       Workers Planned: 2
                                       ->  Parallel Hash Right Anti Join
                                             Hash Cond: (wr1.wr_order_number = ws1.ws_order_number)
                                             ->  Parallel Seq Scan on web_returns wr1
                                             ->  Parallel Hash
                                                   ->  Hash Join
                                                         Hash Cond: (ws1.ws_web_site_sk = web_site.web_site_sk)
                                                         ->  Parallel Hash Join
                                                               Hash Cond: (ws1.ws_ship_date_sk = date_dim.d_date_sk)
                                                               ->  Parallel Seq Scan on web_sales ws1
                                                               ->  Parallel Hash
                                                                     ->  Parallel Seq Scan on date_dim
                                                                           Filter: ((d_date >= '1999-05-01'::date) AND (d_date <= '1999-06-30 00:00:00'::timestamp without time zone))
                                                         ->  Hash
                                                               ->  Seq Scan on web_site
                                                                     Filter: (web_company_name = 'pri'::bpchar)
                                 ->  Index Scan using customer_address_pkey on customer_address
                                       Index Cond: (ca_address_sk = ws1.ws_ship_addr_sk)
                                       Filter: (ca_state = 'ND'::bpchar)
                           ->  Index Scan using web_sales_pkey on web_sales ws2
                                 Index Cond: (ws_order_number = ws1.ws_order_number)
                                 Filter: (ws1.ws_warehouse_sk <> ws_warehouse_sk)
(31 rows)

