                                                                                   QUERY PLAN                                                                                    
---------------------------------------------------------------------------------------------------------------------------------------------------------------------------------
 Limit
   CTE ws_wh
     ->  Hash Join
           Hash Cond: (ws1_1.ws_order_number = ws2.ws_order_number)
           Join Filter: (ws1_1.ws_warehouse_sk <> ws2.ws_warehouse_sk)
           ->  Seq Scan on web_sales ws1_1
           ->  Hash
                 ->  Seq Scan on web_sales ws2
   ->  Sort
         Sort Key: (count(DISTINCT ws1.ws_order_number))
         ->  Aggregate
               ->  Nested Loop Semi Join
                     Join Filter: (ws1.ws_order_number = ws_wh.ws_order_number)
                     ->  Nested Loop Semi Join
                           ->  Nested Loop
                                 ->  Gather Merge
                                       Workers Planned: 2
                                       ->  Sort
                                             Sort Key: ws1.ws_order_number
                                             ->  Hash Join
                                                   Hash Cond: (ws1.ws_web_site_sk = web_site.web_site_sk)
                                                   ->  Parallel Hash Join
                                                         Hash Cond: (ws1.ws_ship_date_sk = date_dim.d_date_sk)
                                                         ->  Parallel Seq Scan on web_sales ws1
                                                         ->  Parallel Hash
                                                               ->  Parallel Seq Scan on date_dim
                                                                     Filter: ((d_date >= '2001-02-01'::date) AND (d_date <= '2001-04-02 00:00:00'::timestamp without time zone))
                                                   ->  Hash
                                                         ->  Seq Scan on web_site
                                                               Filter: (web_company_name = 'pri'::bpchar)
                                 ->  Index Scan using customer_address_pkey on customer_address
                                       Index Cond: (ca_address_sk = ws1.ws_ship_addr_sk)
                                       Filter: (ca_state = 'KY'::bpchar)
                           ->  Hash Join
                                 Hash Cond: (ws_wh_1.ws_order_number = web_returns.wr_order_number)
                                 Join Filter: (ws1.ws_order_number = ws_wh_1.ws_order_number)
                                 ->  CTE Scan on ws_wh ws_wh_1
                                 ->  Hash
                                       ->  Index Only Scan using web_returns_pkey on web_returns
                                             Index Cond: (wr_order_number = ws1.ws_order_number)
                     ->  CTE Scan on ws_wh
(41 rows)

